<?xml version="1.0" encoding="UTF-8"?>
<testng-results ignored="0" total="1" passed="1" failed="0" skipped="0">
  <reporter-output>
  </reporter-output>
  <suite started-at="2021-06-08T16:10:32 EDT" name="Default suite" finished-at="2021-06-08T16:10:41 EDT" duration-ms="9148">
    <groups>
    </groups>
    <test started-at="2021-06-08T16:10:32 EDT" name="Default test" finished-at="2021-06-08T16:10:41 EDT" duration-ms="9148">
      <class name="com.amazon.test.Steps">
        <test-method is-config="true" signature="setUp()[pri:0, instance:com.amazon.test.Steps@1d76aeea]" started-at="2021-06-08T16:10:32 EDT" name="setUp" finished-at="2021-06-08T16:10:35 EDT" duration-ms="2522" status="PASS">
          <reporter-output>
          </reporter-output>
        </test-method> <!-- setUp -->
        <test-method signature="method()[pri:0, instance:com.amazon.test.Steps@1d76aeea]" started-at="2021-06-08T16:10:35 EDT" name="method" finished-at="2021-06-08T16:10:41 EDT" duration-ms="6598" status="PASS">
          <reporter-output>
          </reporter-output>
        </test-method> <!-- method -->
      </class> <!-- com.amazon.test.Steps -->
    </test> <!-- Default test -->
  </suite> <!-- Default suite -->
</testng-results>
